c:\users\takun\desktop\mecabreply\mecabreply\debug\vc142.pdb
c:\users\takun\desktop\mecabreply\mecabreply\debug\vc142.idb
c:\users\takun\desktop\mecabreply\mecabreply\debug\talk.obj
c:\users\takun\desktop\mecabreply\mecabreply\debug\processes.obj
c:\users\takun\desktop\mecabreply\mecabreply\debug\mecabreply.obj
c:\users\takun\desktop\mecabreply\mecabreply\debug\meaning.obj
f:\github\werewolfsharpgui\worewolfsharpgui\debug\mecabreply.dll
f:\github\werewolfsharpgui\worewolfsharpgui\debug\mecabreply.ilk
f:\github\werewolfsharpgui\worewolfsharpgui\debug\mecabreply.pdb
f:\github\werewolfsharpgui\worewolfsharpgui\debug\mecabreply.lib
f:\github\werewolfsharpgui\worewolfsharpgui\debug\mecabreply.exp
f:\github\2han\worewolfsharpgui\mecabreply\debug\meaning.obj
f:\github\2han\worewolfsharpgui\mecabreply\debug\mecabreply.obj
f:\github\2han\worewolfsharpgui\mecabreply\debug\processes.obj
f:\github\2han\worewolfsharpgui\mecabreply\debug\talk.obj
f:\github\2han\worewolfsharpgui\mecabreply\debug\vc142.idb
f:\github\2han\worewolfsharpgui\mecabreply\debug\vc142.pdb
f:\github\2han\worewolfsharpgui\debug\mecabreply.pdb
f:\github\2han\worewolfsharpgui\debug\mecabreply.exe
f:\github\2han\worewolfsharpgui\debug\mecabreply.ilk
f:\github\2han\worewolfsharpgui\mecabreply\debug\mecabreply.tlog\cl.command.1.tlog
f:\github\2han\worewolfsharpgui\mecabreply\debug\mecabreply.tlog\cl.read.1.tlog
f:\github\2han\worewolfsharpgui\mecabreply\debug\mecabreply.tlog\cl.write.1.tlog
f:\github\2han\worewolfsharpgui\mecabreply\debug\mecabreply.tlog\link.36372.delete.1.tlog
f:\github\2han\worewolfsharpgui\mecabreply\debug\mecabreply.tlog\link.47116.delete.1.tlog
f:\github\2han\worewolfsharpgui\mecabreply\debug\mecabreply.tlog\link.51148.delete.1.tlog
f:\github\2han\worewolfsharpgui\mecabreply\debug\mecabreply.tlog\link.command.1.tlog
f:\github\2han\worewolfsharpgui\mecabreply\debug\mecabreply.tlog\link.read.1.tlog
f:\github\2han\worewolfsharpgui\mecabreply\debug\mecabreply.tlog\link.write.1.tlog
f:\github\2han\worewolfsharpgui\mecabreply\debug\mecabreply.tlog\mecabreply.write.1u.tlog
